<?xml version="1.0" encoding="UTF-8"?>
<testng-results ignored="0" total="1" passed="1" failed="0" skipped="0">
  <reporter-output>
  </reporter-output>
  <suite started-at="2023-12-03T19:23:32 IST" name="Default suite" finished-at="2023-12-03T19:23:36 IST" duration-ms="4010">
    <groups>
    </groups>
    <test started-at="2023-12-03T19:23:32 IST" name="Default test" finished-at="2023-12-03T19:23:36 IST" duration-ms="4010">
      <class name="day4.ParsingJsonData">
        <test-method signature="testJsonResponseBody()[pri:0, instance:day4.ParsingJsonData@3a44431a]" started-at="2023-12-03T19:23:32 IST" name="testJsonResponseBody" finished-at="2023-12-03T19:23:36 IST" duration-ms="3866" status="PASS">
          <reporter-output>
          </reporter-output>
        </test-method> <!-- testJsonResponseBody -->
      </class> <!-- day4.ParsingJsonData -->
    </test> <!-- Default test -->
  </suite> <!-- Default suite -->
</testng-results>
